<?xml version="1.0" encoding="UTF-8"?>
<!-- Generated by org.testng.reporters.JUnitXMLReporter -->
<testsuite ignored="0" hostname="DESKTOP-G2KSQFG" failures="0" tests="3" name="Submit Order Test" time="51.009" errors="0" timestamp="2026-09-09T03:04:24 IST">
  <testcase classname="abinashDash.test.SubmitOrdertest" name="SubmitOrder" time="19.796"/>
  <testcase classname="abinashDash.test.SubmitOrdertest" name="SubmitOrder" time="19.83"/>
  <testcase classname="abinashDash.test.SubmitOrdertest" name="OrderHistoryTest" time="0.842"/>
</testsuite> <!-- Submit Order Test -->
