<?xml version="1.0" encoding="UTF-8"?>
<testng-results ignored="0" total="5" passed="4" failed="1" skipped="0">
  <reporter-output>
  </reporter-output>
  <suite started-at="2026-09-09T03:03:33 IST" name="Suite" finished-at="2026-09-09T03:04:24 IST" duration-ms="51009">
    <groups>
      <group name="Purchase">
        <method signature="SubmitOrdertest.SubmitOrder(java.util.HashMap)[pri:0, instance:abinashDash.test.SubmitOrdertest@6440112d]" name="SubmitOrder" class="abinashDash.test.SubmitOrdertest"/>
      </group> <!-- Purchase -->
      <group name="ErrorValidation">
        <method signature="ErrorValidationTest.loginErrorValidation()[pri:0, instance:abinashDash.test.ErrorValidationTest@5a5a729f]" name="loginErrorValidation" class="abinashDash.test.ErrorValidationTest"/>
      </group> <!-- ErrorValidation -->
    </groups>
    <test started-at="2026-09-09T03:03:33 IST" name="Error Validation Test" finished-at="2026-09-09T03:03:55 IST" duration-ms="21741">
      <class name="abinashDash.test.ErrorValidationTest">
        <test-method is-config="true" signature="launchApplication()[pri:0, instance:abinashDash.test.ErrorValidationTest@5a5a729f]" started-at="2026-09-09T03:03:33 IST" name="launchApplication" finished-at="2026-09-09T03:03:36 IST" duration-ms="3269" status="PASS">
          <reporter-output>
          </reporter-output>
        </test-method> <!-- launchApplication -->
        <test-method signature="ProductErrorValidation()[pri:0, instance:abinashDash.test.ErrorValidationTest@5a5a729f]" started-at="2026-09-09T03:03:36 IST" name="ProductErrorValidation" finished-at="2026-09-09T03:03:50 IST" duration-ms="13235" status="FAIL">
          <exception class="org.openqa.selenium.TimeoutException">
            <message>
              <![CDATA[Expected condition failed: waiting for visibility of element found by By.cssSelector: .col-lg-4, but... org.openqa.selenium.NoSuchElementException: no such element: Unable to locate element: {"method":"css selector","selector":".col-lg-4"}.
(tried for 5 seconds with 500 milliseconds interval)
Build info: version: '4.48.0', revision: '27f5213 27f5213055e28398a5105b7892b7a3bb2012a6ef'
System info: os.name: 'Windows 11', os.arch: 'amd64', os.version: '10.0', java.version: '25.0.1'
Driver info: org.openqa.selenium.chrome.ChromeDriver
Capabilities {acceptInsecureCerts: false, browserName: chrome, browserVersion: 152.0.7977.82, chrome: {chromedriverVersion: 152.0.7977.82 (d04cdb24d67b..., userDataDir: C:\Users\lenovo\AppData\Loc...}, fedcm:accounts: true, goog:chromeOptions: {debuggerAddress: localhost:51988}, goog:processID: 9984, networkConnectionEnabled: false, pageLoadStrategy: normal, platformName: windows, proxy: Proxy(), se:cdp: ws://localhost:51988/devtoo..., se:cdpVersion: 152.0.7977.82, setWindowRect: true, strictFileInteractability: false, timeouts: {implicit: 0, pageLoad: 300000, script: 30000}, unhandledPromptBehavior: dismiss and notify, webauthn:extension:credBlob: true, webauthn:extension:largeBlob: true, webauthn:extension:minPinLength: true, webauthn:extension:prf: true, webauthn:virtualAuthenticators: true}
Session ID: b7cd269de1e1abd0c76aed8605630e54]]>
            </message>
            <full-stacktrace>
              <![CDATA[org.openqa.selenium.TimeoutException: Expected condition failed: waiting for visibility of element found by By.cssSelector: .col-lg-4, but... org.openqa.selenium.NoSuchElementException: no such element: Unable to locate element: {"method":"css selector","selector":".col-lg-4"}.
(tried for 5 seconds with 500 milliseconds interval)
Build info: version: '4.48.0', revision: '27f5213 27f5213055e28398a5105b7892b7a3bb2012a6ef'
System info: os.name: 'Windows 11', os.arch: 'amd64', os.version: '10.0', java.version: '25.0.1'
Driver info: org.openqa.selenium.chrome.ChromeDriver
Capabilities {acceptInsecureCerts: false, browserName: chrome, browserVersion: 152.0.7977.82, chrome: {chromedriverVersion: 152.0.7977.82 (d04cdb24d67b..., userDataDir: C:\Users\lenovo\AppData\Loc...}, fedcm:accounts: true, goog:chromeOptions: {debuggerAddress: localhost:51988}, goog:processID: 9984, networkConnectionEnabled: false, pageLoadStrategy: normal, platformName: windows, proxy: Proxy(), se:cdp: ws://localhost:51988/devtoo..., se:cdpVersion: 152.0.7977.82, setWindowRect: true, strictFileInteractability: false, timeouts: {implicit: 0, pageLoad: 300000, script: 30000}, unhandledPromptBehavior: dismiss and notify, webauthn:extension:credBlob: true, webauthn:extension:largeBlob: true, webauthn:extension:minPinLength: true, webauthn:extension:prf: true, webauthn:virtualAuthenticators: true}
Session ID: b7cd269de1e1abd0c76aed8605630e54
at org.openqa.selenium.support.ui.WebDriverWait.timeoutException(WebDriverWait.java:85)
at org.openqa.selenium.support.ui.FluentWait.until(FluentWait.java:234)
at AbstractComponentsPackage.AbstractComponents.waitForElementToAppear(AbstractComponents.java:33)
at abinashDash.pageObjects.ProductCatalogue.getProductList(ProductCatalogue.java:33)
at abinashDash.test.ErrorValidationTest.ProductErrorValidation(ErrorValidationTest.java:28)
at java.base/jdk.internal.reflect.DirectMethodHandleAccessor.invoke(DirectMethodHandleAccessor.java:104)
at java.base/java.lang.reflect.Method.invoke(Method.java:565)
at org.testng.internal.invokers.MethodInvocationHelper.invokeMethod(MethodInvocationHelper.java:141)
at org.testng.internal.invokers.TestInvoker.invokeMethod(TestInvoker.java:697)
at org.testng.internal.invokers.TestInvoker.invokeTestMethod(TestInvoker.java:230)
at org.testng.internal.invokers.MethodRunner.runInSequence(MethodRunner.java:63)
at org.testng.internal.invokers.TestInvoker$MethodInvocationAgent.invoke(TestInvoker.java:1005)
at org.testng.internal.invokers.TestInvoker.invokeTestMethods(TestInvoker.java:203)
at org.testng.internal.invokers.TestMethodWorker.invokeTestMethods(TestMethodWorker.java:154)
at org.testng.internal.invokers.TestMethodWorker.run(TestMethodWorker.java:134)
at java.base/java.util.ArrayList.forEach(ArrayList.java:1604)
at org.testng.TestRunner.privateRun(TestRunner.java:744)
at org.testng.TestRunner.run(TestRunner.java:616)
at org.testng.SuiteRunner.runTest(SuiteRunner.java:421)
at org.testng.SuiteRunner$SuiteWorker.run(SuiteRunner.java:463)
at org.testng.internal.thread.ThreadUtil.lambda$execute$0(ThreadUtil.java:64)
at java.base/java.util.concurrent.FutureTask.run(FutureTask.java:328)
at java.base/java.util.concurrent.ThreadPoolExecutor.runWorker(ThreadPoolExecutor.java:1090)
at java.base/java.util.concurrent.ThreadPoolExecutor$Worker.run(ThreadPoolExecutor.java:614)
at java.base/java.lang.Thread.run(Thread.java:1474)
]]>
            </full-stacktrace>
          </exception> <!-- org.openqa.selenium.TimeoutException -->
          <reporter-output>
          </reporter-output>
        </test-method> <!-- ProductErrorValidation -->
        <test-method is-config="true" signature="closePages()[pri:0, instance:abinashDash.test.ErrorValidationTest@5a5a729f]" started-at="2026-09-09T03:03:50 IST" name="closePages" finished-at="2026-09-09T03:03:50 IST" duration-ms="287" status="PASS">
          <reporter-output>
          </reporter-output>
        </test-method> <!-- closePages -->
        <test-method is-config="true" signature="launchApplication()[pri:0, instance:abinashDash.test.ErrorValidationTest@5a5a729f]" started-at="2026-09-09T03:03:50 IST" name="launchApplication" finished-at="2026-09-09T03:03:54 IST" duration-ms="3388" status="PASS">
          <reporter-output>
          </reporter-output>
        </test-method> <!-- launchApplication -->
        <test-method signature="loginErrorValidation()[pri:0, instance:abinashDash.test.ErrorValidationTest@5a5a729f]" started-at="2026-09-09T03:03:54 IST" name="loginErrorValidation" finished-at="2026-09-09T03:03:54 IST" duration-ms="675" status="PASS">
          <reporter-output>
          </reporter-output>
        </test-method> <!-- loginErrorValidation -->
        <test-method is-config="true" signature="closePages()[pri:0, instance:abinashDash.test.ErrorValidationTest@5a5a729f]" started-at="2026-09-09T03:03:54 IST" name="closePages" finished-at="2026-09-09T03:03:55 IST" duration-ms="412" status="PASS">
          <reporter-output>
          </reporter-output>
        </test-method> <!-- closePages -->
      </class> <!-- abinashDash.test.ErrorValidationTest -->
    </test> <!-- Error Validation Test -->
    <test started-at="2026-09-09T03:03:33 IST" name="Submit Order Test" finished-at="2026-09-09T03:04:24 IST" duration-ms="51009">
      <class name="abinashDash.test.SubmitOrdertest">
        <test-method is-config="true" signature="launchApplication()[pri:0, instance:abinashDash.test.SubmitOrdertest@6440112d]" started-at="2026-09-09T03:03:33 IST" name="launchApplication" finished-at="2026-09-09T03:03:36 IST" duration-ms="2967" status="PASS">
          <reporter-output>
          </reporter-output>
        </test-method> <!-- launchApplication -->
        <test-method signature="SubmitOrder(java.util.HashMap)[pri:0, instance:abinashDash.test.SubmitOrdertest@6440112d]" started-at="2026-09-09T03:03:36 IST" name="SubmitOrder" data-provider="getData" finished-at="2026-09-09T03:03:56 IST" duration-ms="19796" status="PASS">
          <params>
            <param index="0">
              <value>
                <![CDATA[{product=ZARA COAT 3, Email=d.abinash@gmail.com, Password=Snap@23@}]]>
              </value>
            </param>
          </params>
          <reporter-output>
          </reporter-output>
        </test-method> <!-- SubmitOrder -->
        <test-method is-config="true" signature="closePages()[pri:0, instance:abinashDash.test.SubmitOrdertest@6440112d]" started-at="2026-09-09T03:03:56 IST" name="closePages" finished-at="2026-09-09T03:03:56 IST" duration-ms="289" status="PASS">
          <reporter-output>
          </reporter-output>
        </test-method> <!-- closePages -->
        <test-method is-config="true" signature="launchApplication()[pri:0, instance:abinashDash.test.SubmitOrdertest@6440112d]" started-at="2026-09-09T03:03:56 IST" name="launchApplication" finished-at="2026-09-09T03:04:00 IST" duration-ms="3477" status="PASS">
          <reporter-output>
          </reporter-output>
        </test-method> <!-- launchApplication -->
        <test-method signature="SubmitOrder(java.util.HashMap)[pri:0, instance:abinashDash.test.SubmitOrdertest@6440112d]" started-at="2026-09-09T03:04:00 IST" name="SubmitOrder" data-provider="getData" finished-at="2026-09-09T03:04:20 IST" duration-ms="19830" status="PASS">
          <params>
            <param index="0">
              <value>
                <![CDATA[{product=ADIDAS ORIGINAL, Email=nanii@gmail.com, Password=Snap@23@}]]>
              </value>
            </param>
          </params>
          <reporter-output>
          </reporter-output>
        </test-method> <!-- SubmitOrder -->
        <test-method is-config="true" signature="closePages()[pri:0, instance:abinashDash.test.SubmitOrdertest@6440112d]" started-at="2026-09-09T03:04:20 IST" name="closePages" finished-at="2026-09-09T03:04:20 IST" duration-ms="257" status="PASS">
          <reporter-output>
          </reporter-output>
        </test-method> <!-- closePages -->
        <test-method is-config="true" signature="launchApplication()[pri:0, instance:abinashDash.test.SubmitOrdertest@6440112d]" started-at="2026-09-09T03:04:20 IST" name="launchApplication" finished-at="2026-09-09T03:04:23 IST" duration-ms="3064" status="PASS">
          <reporter-output>
          </reporter-output>
        </test-method> <!-- launchApplication -->
        <test-method signature="OrderHistoryTest()[pri:0, instance:abinashDash.test.SubmitOrdertest@6440112d]" started-at="2026-09-09T03:04:23 IST" name="OrderHistoryTest" finished-at="2026-09-09T03:04:24 IST" depends-on-methods="abinashDash.test.SubmitOrdertest.SubmitOrder" duration-ms="842" status="PASS">
          <reporter-output>
          </reporter-output>
        </test-method> <!-- OrderHistoryTest -->
        <test-method is-config="true" signature="closePages()[pri:0, instance:abinashDash.test.SubmitOrdertest@6440112d]" started-at="2026-09-09T03:04:24 IST" name="closePages" finished-at="2026-09-09T03:04:24 IST" duration-ms="260" status="PASS">
          <reporter-output>
          </reporter-output>
        </test-method> <!-- closePages -->
      </class> <!-- abinashDash.test.SubmitOrdertest -->
    </test> <!-- Submit Order Test -->
  </suite> <!-- Suite -->
</testng-results>
