<?xml version="1.0" encoding="UTF-8"?>
<!-- Generated by org.testng.reporters.JUnitReportReporter -->
<testsuite hostname="DESKTOP-G2KSQFG" failures="0" tests="3" name="abinashDash.test.SubmitOrdertest" time="50.782" errors="0" timestamp="2026-09-09T03:04:24 IST" skipped="0">
  <testcase classname="abinashDash.test.SubmitOrdertest" name="OrderHistoryTest" time="4.579"/>
  <testcase classname="abinashDash.test.SubmitOrdertest" name="SubmitOrder" time="23.054"/>
  <testcase classname="abinashDash.test.SubmitOrdertest" name="SubmitOrder" time="23.149"/>
</testsuite> <!-- abinashDash.test.SubmitOrdertest -->
